  Source.cpp
C:\Program Files\Microsoft Visual Studio\2022\Community\VC\Tools\MSVC\14.34.31933\include\type_traits(1572,98): warning C4244: аргумент: преобразование "unsigned __int64" в "int", возможна потеря данных
C:\Program Files\Microsoft Visual Studio\2022\Community\VC\Tools\MSVC\14.34.31933\include\thread(51,5): message : выполняется компиляция ссылки на экземпляр шаблон функции "void std::invoke<void(__cdecl *)(int **,int,int,int &,int &),int**,unsigned __int64,unsigned __int64,std::reference_wrapper<int>,std::reference_wrapper<int>>(_Callable &&,_Ty1 &&,unsigned __int64 &&,unsigned __int64 &&,std::reference_wrapper<int> &&,std::reference_wrapper<int> &&) noexcept(false)"
          with
          [
              _Callable=void (__cdecl *)(int **,int,int,int &,int &),
              _Ty1=int **
          ]
C:\Program Files\Microsoft Visual Studio\2022\Community\VC\Tools\MSVC\14.34.31933\include\thread(61,5): message : выполняется компиляция ссылки на экземпляр шаблон функции "unsigned int std::thread::_Invoke<_Tuple,0,1,2,3,4,5>(void *) noexcept"
C:\Program Files\Microsoft Visual Studio\2022\Community\VC\Tools\MSVC\14.34.31933\include\thread(66,13): message : выполняется компиляция ссылки на экземпляр шаблон функции "unsigned int (__cdecl *std::thread::_Get_invoke<_Tuple,0,1,2,3,4,5>(std::integer_sequence<size_t,0,1,2,3,4,5>) noexcept)(void *)"
C:\Program Files\Microsoft Visual Studio\2022\Community\VC\Tools\MSVC\14.34.31933\include\thread(89,5): message : выполняется компиляция ссылки на экземпляр шаблон функции "void std::thread::_Start<void(__cdecl &)(int **,int,int,int &,int &),int**&,_Ty,_Ty,std::reference_wrapper<int>,std::reference_wrapper<int>>(_Fn,int **&,_Ty &&,_Ty &&,std::reference_wrapper<int> &&,std::reference_wrapper<int> &&)"
          with
          [
              _Ty=size_t,
              _Fn=void (__cdecl &)(int **,int,int,int &,int &)
          ]
D:\учеба\ЯМП\Laba2.3.2\Laba2.3.2\Source.cpp(52,91): message : выполняется компиляция ссылки на экземпляр шаблон функции "std::thread::thread<void(__cdecl &)(int **,int,int,int &,int &),int**&,size_t,unsigned __int64,std::reference_wrapper<int>,std::reference_wrapper<int>,0>(_Fn,int **&,size_t &&,unsigned __int64 &&,std::reference_wrapper<int> &&,std::reference_wrapper<int> &&)"
          with
          [
              _Fn=void (__cdecl &)(int **,int,int,int &,int &)
          ]
  Laba2.3.2.vcxproj -> D:\учеба\ЯМП\Laba2.3.2\x64\Debug\Laba2.3.2.exe
